<?xml version="1.0" encoding="UTF-8"?>
<coverage generated="1502723725">
  <project timestamp="1502723725">
    <package name="Seeren\Controller">
      <file name="C:\xampp\htdocs\seeren-dev-master\controller\src/AbstractController.php">
        <class name="AbstractController" namespace="Seeren\Controller" fullPackage="Controller" category="Seeren" package="Controller">
          <metrics complexity="7" methods="4" coveredmethods="4" conditionals="0" coveredconditionals="0" statements="9" coveredstatements="9" elements="13" coveredelements="13"/>
        </class>
        <line num="50" type="method" name="__construct" visibility="protected" complexity="3" crap="3" count="12"/>
        <line num="54" type="stmt" count="12"/>
        <line num="55" type="stmt" count="12"/>
        <line num="56" type="stmt" count="9"/>
        <line num="58" type="stmt" count="12"/>
        <line num="65" type="method" name="setModel" visibility="private" complexity="1" crap="1" count="9"/>
        <line num="67" type="stmt" count="9"/>
        <line num="68" type="stmt" count="9"/>
        <line num="69" type="stmt" count="9"/>
        <line num="77" type="method" name="getModel" visibility="public" complexity="2" crap="2" count="2"/>
        <line num="79" type="stmt" count="2"/>
        <line num="87" type="method" name="getView" visibility="public" complexity="1" crap="1" count="2"/>
        <line num="89" type="stmt" count="2"/>
        <metrics loc="92" ncloc="46" classes="1" methods="4" coveredmethods="4" conditionals="0" coveredconditionals="0" statements="9" coveredstatements="9" elements="13" coveredelements="13"/>
      </file>
      <file name="C:\xampp\htdocs\seeren-dev-master\controller\src/HttpController.php">
        <class name="HttpController" namespace="Seeren\Controller" fullPackage="Controller" category="Seeren" package="Controller">
          <metrics complexity="10" methods="5" coveredmethods="4" conditionals="0" coveredconditionals="0" statements="26" coveredstatements="24" elements="31" coveredelements="28"/>
        </class>
        <line num="62" type="method" name="__construct" visibility="public" complexity="1" crap="1" count="12"/>
        <line num="67" type="stmt" count="12"/>
        <line num="68" type="stmt" count="12"/>
        <line num="69" type="stmt" count="12"/>
        <line num="70" type="stmt" count="12"/>
        <line num="77" type="method" name="getResponse" visibility="public" complexity="1" crap="1" count="6"/>
        <line num="79" type="stmt" count="6"/>
        <line num="87" type="method" name="getRequest" visibility="public" complexity="1" crap="1" count="2"/>
        <line num="89" type="stmt" count="2"/>
        <line num="99" type="method" name="execute" visibility="public" complexity="5" crap="5.06" count="5"/>
        <line num="102" type="stmt" count="5"/>
        <line num="103" type="stmt" count="5"/>
        <line num="104" type="stmt" count="5"/>
        <line num="105" type="stmt" count="4"/>
        <line num="106" type="stmt" count="1"/>
        <line num="107" type="stmt" count="4"/>
        <line num="108" type="stmt" count="4"/>
        <line num="109" type="stmt" count="1"/>
        <line num="110" type="stmt" count="0"/>
        <line num="111" type="stmt" count="1"/>
        <line num="112" type="stmt" count="0"/>
        <line num="113" type="stmt" count="1"/>
        <line num="114" type="stmt" count="3"/>
        <line num="115" type="stmt" count="4"/>
        <line num="116" type="stmt" count="4"/>
        <line num="129" type="method" name="consume" visibility="public" complexity="2" crap="2" count="2"/>
        <line num="134" type="stmt" count="2"/>
        <line num="135" type="stmt" count="1"/>
        <line num="136" type="stmt" count="1"/>
        <line num="137" type="stmt" count="1"/>
        <line num="138" type="stmt" count="1"/>
        <metrics loc="142" ncloc="84" classes="1" methods="5" coveredmethods="4" conditionals="0" coveredconditionals="0" statements="26" coveredstatements="24" elements="31" coveredelements="28"/>
      </file>
    </package>
    <metrics files="2" loc="234" ncloc="130" classes="2" methods="9" coveredmethods="8" conditionals="0" coveredconditionals="0" statements="35" coveredstatements="33" elements="44" coveredelements="41"/>
  </project>
</coverage>
