<?xml version="1.0" encoding="UTF-8"?>
<coverage generated="1522626486">
  <project timestamp="1522626486">
    <package name="Seeren\Controller">
      <file name="C:\xampp\htdocs\dev-master.seeren\controller\src/AbstractController.php">
        <class name="Seeren\Controller\AbstractController" namespace="Seeren\Controller" fullPackage="Controller" category="Seeren" package="Controller">
          <metrics complexity="3" methods="2" coveredmethods="2" conditionals="0" coveredconditionals="0" statements="3" coveredstatements="3" elements="5" coveredelements="5"/>
        </class>
        <line num="40" type="method" name="__construct" visibility="protected" complexity="2" crap="2" count="9"/>
        <line num="43" type="stmt" count="9"/>
        <line num="44" type="stmt" count="9"/>
        <line num="50" type="method" name="getView" visibility="public" complexity="1" crap="1" count="2"/>
        <line num="52" type="stmt" count="2"/>
        <metrics loc="55" ncloc="28" classes="1" methods="2" coveredmethods="2" conditionals="0" coveredconditionals="0" statements="3" coveredstatements="3" elements="5" coveredelements="5"/>
      </file>
      <file name="C:\xampp\htdocs\dev-master.seeren\controller\src/HttpController.php">
        <class name="Seeren\Controller\HttpController" namespace="Seeren\Controller" fullPackage="Controller" category="Seeren" package="Controller">
          <metrics complexity="11" methods="4" coveredmethods="4" conditionals="0" coveredconditionals="0" statements="27" coveredstatements="27" elements="31" coveredelements="31"/>
        </class>
        <line num="58" type="method" name="__construct" visibility="public" complexity="1" crap="1" count="9"/>
        <line num="62" type="stmt" count="9"/>
        <line num="63" type="stmt" count="9"/>
        <line num="64" type="stmt" count="9"/>
        <line num="65" type="stmt" count="9"/>
        <line num="71" type="method" name="getResponse" visibility="public" complexity="1" crap="1" count="6"/>
        <line num="73" type="stmt" count="6"/>
        <line num="80" type="method" name="getRequest" visibility="public" complexity="1" crap="1" count="2"/>
        <line num="82" type="stmt" count="2"/>
        <line num="89" type="method" name="execute" visibility="public" complexity="8" crap="8" count="5"/>
        <line num="92" type="stmt" count="5"/>
        <line num="93" type="stmt" count="5"/>
        <line num="94" type="stmt" count="5"/>
        <line num="96" type="stmt" count="4"/>
        <line num="97" type="stmt" count="4"/>
        <line num="101" type="stmt" count="4"/>
        <line num="103" type="stmt" count="1"/>
        <line num="105" type="stmt" count="1"/>
        <line num="108" type="stmt" count="4"/>
        <line num="109" type="stmt" count="1"/>
        <line num="110" type="stmt" count="4"/>
        <line num="111" type="stmt" count="4"/>
        <line num="112" type="stmt" count="1"/>
        <line num="113" type="stmt" count="3"/>
        <line num="114" type="stmt" count="3"/>
        <line num="115" type="stmt" count="1"/>
        <line num="116" type="stmt" count="2"/>
        <line num="117" type="stmt" count="1"/>
        <line num="118" type="stmt" count="3"/>
        <line num="120" type="stmt" count="4"/>
        <line num="121" type="stmt" count="4"/>
        <metrics loc="125" ncloc="78" classes="1" methods="4" coveredmethods="4" conditionals="0" coveredconditionals="0" statements="27" coveredstatements="27" elements="31" coveredelements="31"/>
      </file>
    </package>
    <file name="C:\xampp\htdocs\dev-master.seeren\controller\src/ControllerInterface.php">
      <metrics loc="36" ncloc="14" classes="0" methods="0" coveredmethods="0" conditionals="0" coveredconditionals="0" statements="0" coveredstatements="0" elements="0" coveredelements="0"/>
    </file>
    <file name="C:\xampp\htdocs\dev-master.seeren\controller\src/HttpControllerInterface.php">
      <metrics loc="55" ncloc="19" classes="0" methods="0" coveredmethods="0" conditionals="0" coveredconditionals="0" statements="0" coveredstatements="0" elements="0" coveredelements="0"/>
    </file>
    <metrics files="4" loc="271" ncloc="139" classes="2" methods="6" coveredmethods="6" conditionals="0" coveredconditionals="0" statements="30" coveredstatements="30" elements="36" coveredelements="36"/>
  </project>
</coverage>
